2021-01-22 00:31:58.985  INFO 17186 --- [main] a.a.t.s.g.backend.BackendApplication     : Starting BackendApplication on SEPM with PID 17186 (/home/marcel/IdeaProjects/20ws_sepm-pr_qse_05/backend/target/classes started by marcel in /home/marcel/IdeaProjects/20ws_sepm-pr_qse_05/frontend)
2021-01-22 00:31:58.990  INFO 17186 --- [main] a.a.t.s.g.backend.BackendApplication     : No active profile set, falling back to default profiles: default
2021-01-22 00:31:59.717  INFO 17186 --- [main] .s.d.r.c.RepositoryConfigurationDelegate : Bootstrapping Spring Data JPA repositories in DEFERRED mode.
2021-01-22 00:31:59.793  INFO 17186 --- [main] .s.d.r.c.RepositoryConfigurationDelegate : Finished Spring Data repository scanning in 69ms. Found 8 JPA repository interfaces.
2021-01-22 00:31:59.995  INFO 17186 --- [main] trationDelegate$BeanPostProcessorChecker : Bean 'org.springframework.security.access.expression.method.DefaultMethodSecurityExpressionHandler@41ef1ea2' of type [org.springframework.security.access.expression.method.DefaultMethodSecurityExpressionHandler] is not eligible for getting processed by all BeanPostProcessors (for example: not eligible for auto-proxying)
2021-01-22 00:31:59.999  INFO 17186 --- [main] trationDelegate$BeanPostProcessorChecker : Bean 'methodSecurityMetadataSource' of type [org.springframework.security.access.method.DelegatingMethodSecurityMetadataSource] is not eligible for getting processed by all BeanPostProcessors (for example: not eligible for auto-proxying)
2021-01-22 00:32:00.145  INFO 17186 --- [main] o.s.b.w.embedded.tomcat.TomcatWebServer  : Tomcat initialized with port(s): 8080 (http)
2021-01-22 00:32:00.150  INFO 17186 --- [main] o.apache.catalina.core.StandardService   : Starting service [Tomcat]
2021-01-22 00:32:00.151  INFO 17186 --- [main] org.apache.catalina.core.StandardEngine  : Starting Servlet engine: [Apache Tomcat/9.0.39]
2021-01-22 00:32:00.209  INFO 17186 --- [main] o.a.c.c.C.[Tomcat].[localhost].[/]       : Initializing Spring embedded WebApplicationContext
2021-01-22 00:32:00.210  INFO 17186 --- [main] w.s.c.ServletWebServerApplicationContext : Root WebApplicationContext: initialization completed in 1176 ms
2021-01-22 00:32:00.237  INFO 17186 --- [main] com.zaxxer.hikari.HikariDataSource       : HikariPool-1 - Starting...
2021-01-22 00:32:00.323  INFO 17186 --- [main] com.zaxxer.hikari.HikariDataSource       : HikariPool-1 - Start completed.
2021-01-22 00:32:00.327  INFO 17186 --- [main] o.s.b.a.h2.H2ConsoleAutoConfiguration    : H2 console available at '/h2-console'. Database available at 'jdbc:h2:file:./database/db'
2021-01-22 00:32:00.386  INFO 17186 --- [main] o.s.s.concurrent.ThreadPoolTaskExecutor  : Initializing ExecutorService 'applicationTaskExecutor'
2021-01-22 00:32:00.469  INFO 17186 --- [task-1] o.hibernate.jpa.internal.util.LogHelper  : HHH000204: Processing PersistenceUnitInfo [name: default]
2021-01-22 00:32:00.527  INFO 17186 --- [task-1] org.hibernate.Version                    : HHH000412: Hibernate ORM core version 5.4.22.Final
2021-01-22 00:32:00.632  INFO 17186 --- [task-1] o.hibernate.annotations.common.Version   : HCANN000001: Hibernate Commons Annotations {5.1.0.Final}
2021-01-22 00:32:00.709  INFO 17186 --- [task-1] org.hibernate.dialect.Dialect            : HHH000400: Using dialect: org.hibernate.dialect.H2Dialect
2021-01-22 00:32:00.992  INFO 17186 --- [main] o.s.s.web.DefaultSecurityFilterChain     : Creating filter chain: OrRequestMatcher [requestMatchers=[Ant [pattern='/'], Ant [pattern='/favicon.ico'], Ant [pattern='/csrf'], Ant [pattern='/v2/api-docs'], Ant [pattern='/swagger-resources/**'], Ant [pattern='/webjars/**'], Ant [pattern='/swagger-ui.html'], Ant [pattern='/h2-console/**'], Ant [pattern='/api/v1/spots/subscribe']]], []
2021-01-22 00:32:01.011  INFO 17186 --- [main] o.s.s.web.DefaultSecurityFilterChain     : Creating filter chain: any request, [org.springframework.security.web.context.request.async.WebAsyncManagerIntegrationFilter@2e1ba142, org.springframework.security.web.context.SecurityContextPersistenceFilter@ff2266c, org.springframework.security.web.header.HeaderWriterFilter@376498da, org.springframework.web.filter.CorsFilter@abc7005, org.springframework.security.web.authentication.logout.LogoutFilter@448086ab, at.ac.tuwien.sepm.groupphase.backend.security.JwtAuthenticationFilter@595ec862, at.ac.tuwien.sepm.groupphase.backend.security.JwtAuthorizationFilter@63c84d31, org.springframework.security.web.savedrequest.RequestCacheAwareFilter@83ebdc5, org.springframework.security.web.servletapi.SecurityContextHolderAwareRequestFilter@284c4f02, org.springframework.security.web.authentication.AnonymousAuthenticationFilter@102af1bb, org.springframework.security.web.session.SessionManagementFilter@2f9addd4, org.springframework.security.web.access.ExceptionTranslationFilter@17003497, org.springframework.security.web.access.intercept.FilterSecurityInterceptor@69ba72da]
2021-01-22 00:32:01.240  INFO 17186 --- [main] o.s.b.w.embedded.tomcat.TomcatWebServer  : Tomcat started on port(s): 8080 (http) with context path ''
2021-01-22 00:32:01.452  INFO 17186 --- [task-1] o.h.e.t.j.p.i.JtaPlatformInitiator       : HHH000490: Using JtaPlatform implementation: [org.hibernate.engine.transaction.jta.platform.internal.NoJtaPlatform]
2021-01-22 00:32:01.458  INFO 17186 --- [task-1] j.LocalContainerEntityManagerFactoryBean : Initialized JPA EntityManagerFactory for persistence unit 'default'
2021-01-22 00:32:01.589  INFO 17186 --- [main] DeferredRepositoryInitializationListener : Triggering deferred initialization of Spring Data repositories…
2021-01-22 00:32:01.960  INFO 17186 --- [main] DeferredRepositoryInitializationListener : Spring Data repositories initialized!
2021-01-22 00:32:01.969  INFO 17186 --- [main] a.a.t.s.g.backend.BackendApplication     : Started BackendApplication in 3.27 seconds (JVM running for 3.783)
2021-01-22 00:32:29.318  INFO 17186 --- [SpringContextShutdownHook] j.LocalContainerEntityManagerFactoryBean : Closing JPA EntityManagerFactory for persistence unit 'default'
2021-01-22 00:32:29.321  INFO 17186 --- [SpringContextShutdownHook] o.s.s.concurrent.ThreadPoolTaskExecutor  : Shutting down ExecutorService 'applicationTaskExecutor'
2021-01-22 00:32:29.322  INFO 17186 --- [SpringContextShutdownHook] com.zaxxer.hikari.HikariDataSource       : HikariPool-1 - Shutdown initiated...
2021-01-22 00:32:29.326  INFO 17186 --- [SpringContextShutdownHook] com.zaxxer.hikari.HikariDataSource       : HikariPool-1 - Shutdown completed.
2021-01-22 00:32:31.384  INFO 17311 --- [main] a.a.t.s.g.backend.BackendApplication     : Starting BackendApplication on SEPM with PID 17311 (/home/marcel/IdeaProjects/20ws_sepm-pr_qse_05/backend/target/classes started by marcel in /home/marcel/IdeaProjects/20ws_sepm-pr_qse_05/frontend)
2021-01-22 00:32:31.386  INFO 17311 --- [main] a.a.t.s.g.backend.BackendApplication     : No active profile set, falling back to default profiles: default
2021-01-22 00:32:32.050  INFO 17311 --- [main] .s.d.r.c.RepositoryConfigurationDelegate : Bootstrapping Spring Data JPA repositories in DEFERRED mode.
2021-01-22 00:32:32.105  INFO 17311 --- [main] .s.d.r.c.RepositoryConfigurationDelegate : Finished Spring Data repository scanning in 52ms. Found 8 JPA repository interfaces.
2021-01-22 00:32:32.345  INFO 17311 --- [main] trationDelegate$BeanPostProcessorChecker : Bean 'org.springframework.security.access.expression.method.DefaultMethodSecurityExpressionHandler@2bbb44da' of type [org.springframework.security.access.expression.method.DefaultMethodSecurityExpressionHandler] is not eligible for getting processed by all BeanPostProcessors (for example: not eligible for auto-proxying)
2021-01-22 00:32:32.349  INFO 17311 --- [main] trationDelegate$BeanPostProcessorChecker : Bean 'methodSecurityMetadataSource' of type [org.springframework.security.access.method.DelegatingMethodSecurityMetadataSource] is not eligible for getting processed by all BeanPostProcessors (for example: not eligible for auto-proxying)
2021-01-22 00:32:32.464  INFO 17311 --- [main] o.s.b.w.embedded.tomcat.TomcatWebServer  : Tomcat initialized with port(s): 8080 (http)
2021-01-22 00:32:32.469  INFO 17311 --- [main] o.apache.catalina.core.StandardService   : Starting service [Tomcat]
2021-01-22 00:32:32.469  INFO 17311 --- [main] org.apache.catalina.core.StandardEngine  : Starting Servlet engine: [Apache Tomcat/9.0.39]
2021-01-22 00:32:32.519  INFO 17311 --- [main] o.a.c.c.C.[Tomcat].[localhost].[/]       : Initializing Spring embedded WebApplicationContext
2021-01-22 00:32:32.520  INFO 17311 --- [main] w.s.c.ServletWebServerApplicationContext : Root WebApplicationContext: initialization completed in 1102 ms
2021-01-22 00:32:32.545  INFO 17311 --- [main] com.zaxxer.hikari.HikariDataSource       : HikariPool-1 - Starting...
2021-01-22 00:32:32.621  INFO 17311 --- [main] com.zaxxer.hikari.HikariDataSource       : HikariPool-1 - Start completed.
2021-01-22 00:32:32.624  INFO 17311 --- [main] o.s.b.a.h2.H2ConsoleAutoConfiguration    : H2 console available at '/h2-console'. Database available at 'jdbc:h2:file:./database/db'
2021-01-22 00:32:32.683  INFO 17311 --- [main] o.s.s.concurrent.ThreadPoolTaskExecutor  : Initializing ExecutorService 'applicationTaskExecutor'
2021-01-22 00:32:32.753  INFO 17311 --- [task-1] o.hibernate.jpa.internal.util.LogHelper  : HHH000204: Processing PersistenceUnitInfo [name: default]
2021-01-22 00:32:32.795  INFO 17311 --- [task-1] org.hibernate.Version                    : HHH000412: Hibernate ORM core version 5.4.22.Final
2021-01-22 00:32:32.862  INFO 17311 --- [task-1] o.hibernate.annotations.common.Version   : HCANN000001: Hibernate Commons Annotations {5.1.0.Final}
2021-01-22 00:32:32.915  INFO 17311 --- [task-1] org.hibernate.dialect.Dialect            : HHH000400: Using dialect: org.hibernate.dialect.H2Dialect
2021-01-22 00:32:33.232  INFO 17311 --- [main] o.s.s.web.DefaultSecurityFilterChain     : Creating filter chain: OrRequestMatcher [requestMatchers=[Ant [pattern='/'], Ant [pattern='/favicon.ico'], Ant [pattern='/csrf'], Ant [pattern='/v2/api-docs'], Ant [pattern='/swagger-resources/**'], Ant [pattern='/webjars/**'], Ant [pattern='/swagger-ui.html'], Ant [pattern='/h2-console/**'], Ant [pattern='/api/v1/spots/subscribe']]], []
2021-01-22 00:32:33.249  INFO 17311 --- [main] o.s.s.web.DefaultSecurityFilterChain     : Creating filter chain: any request, [org.springframework.security.web.context.request.async.WebAsyncManagerIntegrationFilter@fd87c22, org.springframework.security.web.context.SecurityContextPersistenceFilter@69069866, org.springframework.security.web.header.HeaderWriterFilter@333e5fb6, org.springframework.web.filter.CorsFilter@fee881, org.springframework.security.web.authentication.logout.LogoutFilter@2c08c787, at.ac.tuwien.sepm.groupphase.backend.security.JwtAuthenticationFilter@1ff463bb, at.ac.tuwien.sepm.groupphase.backend.security.JwtAuthorizationFilter@3b9c9b8b, org.springframework.security.web.savedrequest.RequestCacheAwareFilter@64c95480, org.springframework.security.web.servletapi.SecurityContextHolderAwareRequestFilter@246de37e, org.springframework.security.web.authentication.AnonymousAuthenticationFilter@7769d9b6, org.springframework.security.web.session.SessionManagementFilter@21a9f95b, org.springframework.security.web.access.ExceptionTranslationFilter@ca2cd5e, org.springframework.security.web.access.intercept.FilterSecurityInterceptor@3b33fff9]
2021-01-22 00:32:33.461  INFO 17311 --- [main] o.s.b.w.embedded.tomcat.TomcatWebServer  : Tomcat started on port(s): 8080 (http) with context path ''
2021-01-22 00:32:33.503  INFO 17311 --- [task-1] o.h.e.t.j.p.i.JtaPlatformInitiator       : HHH000490: Using JtaPlatform implementation: [org.hibernate.engine.transaction.jta.platform.internal.NoJtaPlatform]
2021-01-22 00:32:33.508  INFO 17311 --- [task-1] j.LocalContainerEntityManagerFactoryBean : Initialized JPA EntityManagerFactory for persistence unit 'default'
2021-01-22 00:32:33.852  INFO 17311 --- [main] DeferredRepositoryInitializationListener : Triggering deferred initialization of Spring Data repositories…
2021-01-22 00:32:34.140  INFO 17311 --- [main] DeferredRepositoryInitializationListener : Spring Data repositories initialized!
2021-01-22 00:32:34.147  INFO 17311 --- [main] a.a.t.s.g.backend.BackendApplication     : Started BackendApplication in 3.055 seconds (JVM running for 3.508)
2021-01-22 00:34:14.045  INFO 17311 --- [http-nio-8080-exec-2] o.a.c.c.C.[Tomcat].[localhost].[/]       : Initializing Spring DispatcherServlet 'dispatcherServlet'
2021-01-22 00:34:14.046  INFO 17311 --- [http-nio-8080-exec-2] o.s.web.servlet.DispatcherServlet        : Initializing Servlet 'dispatcherServlet'
2021-01-22 00:34:14.051  INFO 17311 --- [http-nio-8080-exec-2] o.s.web.servlet.DispatcherServlet        : Completed initialization in 5 ms
2021-01-22 00:34:14.185  INFO 17311 --- [http-nio-8080-exec-3] a.a.t.s.g.backend.endpoint.UserEndpoint  : GET /api/v1/users
2021-01-22 00:34:14.189  INFO 17311 --- [http-nio-8080-exec-4] a.a.t.s.g.backend.endpoint.RoleEndpoint  : GET /api/v1/roles
2021-01-22 00:34:24.096  INFO 17311 --- [http-nio-8080-exec-6] a.a.t.s.g.backend.endpoint.UserEndpoint  : GET /api/v1/users
2021-01-22 00:34:24.119  INFO 17311 --- [http-nio-8080-exec-8] a.a.t.s.g.backend.endpoint.RoleEndpoint  : GET /api/v1/roles
2021-01-22 00:34:48.613  INFO 17311 --- [SpringContextShutdownHook] j.LocalContainerEntityManagerFactoryBean : Closing JPA EntityManagerFactory for persistence unit 'default'
2021-01-22 00:34:48.617  INFO 17311 --- [SpringContextShutdownHook] o.s.s.concurrent.ThreadPoolTaskExecutor  : Shutting down ExecutorService 'applicationTaskExecutor'
2021-01-22 00:34:48.618  INFO 17311 --- [SpringContextShutdownHook] com.zaxxer.hikari.HikariDataSource       : HikariPool-1 - Shutdown initiated...
2021-01-22 00:34:48.625  INFO 17311 --- [SpringContextShutdownHook] com.zaxxer.hikari.HikariDataSource       : HikariPool-1 - Shutdown completed.
2021-01-22 01:01:15.345  INFO 17933 --- [main] a.a.t.s.g.backend.BackendApplication     : Starting BackendApplication on SEPM with PID 17933 (/home/marcel/IdeaProjects/20ws_sepm-pr_qse_05/backend/target/classes started by marcel in /home/marcel/IdeaProjects/20ws_sepm-pr_qse_05/frontend)
2021-01-22 01:01:15.347  INFO 17933 --- [main] a.a.t.s.g.backend.BackendApplication     : No active profile set, falling back to default profiles: default
2021-01-22 01:01:15.989  INFO 17933 --- [main] .s.d.r.c.RepositoryConfigurationDelegate : Bootstrapping Spring Data JPA repositories in DEFERRED mode.
2021-01-22 01:01:16.050  INFO 17933 --- [main] .s.d.r.c.RepositoryConfigurationDelegate : Finished Spring Data repository scanning in 56ms. Found 8 JPA repository interfaces.
2021-01-22 01:01:16.231  INFO 17933 --- [main] trationDelegate$BeanPostProcessorChecker : Bean 'org.springframework.security.access.expression.method.DefaultMethodSecurityExpressionHandler@2bbb44da' of type [org.springframework.security.access.expression.method.DefaultMethodSecurityExpressionHandler] is not eligible for getting processed by all BeanPostProcessors (for example: not eligible for auto-proxying)
2021-01-22 01:01:16.234  INFO 17933 --- [main] trationDelegate$BeanPostProcessorChecker : Bean 'methodSecurityMetadataSource' of type [org.springframework.security.access.method.DelegatingMethodSecurityMetadataSource] is not eligible for getting processed by all BeanPostProcessors (for example: not eligible for auto-proxying)
2021-01-22 01:01:16.358  INFO 17933 --- [main] o.s.b.w.embedded.tomcat.TomcatWebServer  : Tomcat initialized with port(s): 8080 (http)
2021-01-22 01:01:16.363  INFO 17933 --- [main] o.apache.catalina.core.StandardService   : Starting service [Tomcat]
2021-01-22 01:01:16.363  INFO 17933 --- [main] org.apache.catalina.core.StandardEngine  : Starting Servlet engine: [Apache Tomcat/9.0.39]
2021-01-22 01:01:16.422  INFO 17933 --- [main] o.a.c.c.C.[Tomcat].[localhost].[/]       : Initializing Spring embedded WebApplicationContext
2021-01-22 01:01:16.422  INFO 17933 --- [main] w.s.c.ServletWebServerApplicationContext : Root WebApplicationContext: initialization completed in 1051 ms
2021-01-22 01:01:16.452  INFO 17933 --- [main] com.zaxxer.hikari.HikariDataSource       : HikariPool-1 - Starting...
2021-01-22 01:01:16.532  INFO 17933 --- [main] com.zaxxer.hikari.HikariDataSource       : HikariPool-1 - Start completed.
2021-01-22 01:01:16.535  INFO 17933 --- [main] o.s.b.a.h2.H2ConsoleAutoConfiguration    : H2 console available at '/h2-console'. Database available at 'jdbc:h2:file:./database/db'
2021-01-22 01:01:16.605  INFO 17933 --- [main] o.s.s.concurrent.ThreadPoolTaskExecutor  : Initializing ExecutorService 'applicationTaskExecutor'
2021-01-22 01:01:16.672  INFO 17933 --- [task-1] o.hibernate.jpa.internal.util.LogHelper  : HHH000204: Processing PersistenceUnitInfo [name: default]
2021-01-22 01:01:16.698  INFO 17933 --- [task-1] org.hibernate.Version                    : HHH000412: Hibernate ORM core version 5.4.22.Final
2021-01-22 01:01:16.761  INFO 17933 --- [task-1] o.hibernate.annotations.common.Version   : HCANN000001: Hibernate Commons Annotations {5.1.0.Final}
2021-01-22 01:01:16.837  INFO 17933 --- [task-1] org.hibernate.dialect.Dialect            : HHH000400: Using dialect: org.hibernate.dialect.H2Dialect
2021-01-22 01:01:17.113  INFO 17933 --- [main] o.s.s.web.DefaultSecurityFilterChain     : Creating filter chain: OrRequestMatcher [requestMatchers=[Ant [pattern='/'], Ant [pattern='/favicon.ico'], Ant [pattern='/csrf'], Ant [pattern='/v2/api-docs'], Ant [pattern='/swagger-resources/**'], Ant [pattern='/webjars/**'], Ant [pattern='/swagger-ui.html'], Ant [pattern='/h2-console/**'], Ant [pattern='/api/v1/spots/subscribe']]], []
2021-01-22 01:01:17.130  INFO 17933 --- [main] o.s.s.web.DefaultSecurityFilterChain     : Creating filter chain: any request, [org.springframework.security.web.context.request.async.WebAsyncManagerIntegrationFilter@fd87c22, org.springframework.security.web.context.SecurityContextPersistenceFilter@69069866, org.springframework.security.web.header.HeaderWriterFilter@333e5fb6, org.springframework.web.filter.CorsFilter@fee881, org.springframework.security.web.authentication.logout.LogoutFilter@2c08c787, at.ac.tuwien.sepm.groupphase.backend.security.JwtAuthenticationFilter@1ff463bb, at.ac.tuwien.sepm.groupphase.backend.security.JwtAuthorizationFilter@3b9c9b8b, org.springframework.security.web.savedrequest.RequestCacheAwareFilter@64c95480, org.springframework.security.web.servletapi.SecurityContextHolderAwareRequestFilter@246de37e, org.springframework.security.web.authentication.AnonymousAuthenticationFilter@7769d9b6, org.springframework.security.web.session.SessionManagementFilter@21a9f95b, org.springframework.security.web.access.ExceptionTranslationFilter@ca2cd5e, org.springframework.security.web.access.intercept.FilterSecurityInterceptor@3b33fff9]
2021-01-22 01:01:17.326  INFO 17933 --- [main] o.s.b.w.embedded.tomcat.TomcatWebServer  : Tomcat started on port(s): 8080 (http) with context path ''
2021-01-22 01:01:17.457  INFO 17933 --- [task-1] o.h.e.t.j.p.i.JtaPlatformInitiator       : HHH000490: Using JtaPlatform implementation: [org.hibernate.engine.transaction.jta.platform.internal.NoJtaPlatform]
2021-01-22 01:01:17.464  INFO 17933 --- [task-1] j.LocalContainerEntityManagerFactoryBean : Initialized JPA EntityManagerFactory for persistence unit 'default'
2021-01-22 01:01:17.706  INFO 17933 --- [main] DeferredRepositoryInitializationListener : Triggering deferred initialization of Spring Data repositories…
2021-01-22 01:01:18.117  INFO 17933 --- [main] DeferredRepositoryInitializationListener : Spring Data repositories initialized!
2021-01-22 01:01:18.124  INFO 17933 --- [main] a.a.t.s.g.backend.BackendApplication     : Started BackendApplication in 3.097 seconds (JVM running for 3.566)
2021-01-22 01:01:26.507  INFO 17933 --- [http-nio-8080-exec-1] o.a.c.c.C.[Tomcat].[localhost].[/]       : Initializing Spring DispatcherServlet 'dispatcherServlet'
2021-01-22 01:01:26.507  INFO 17933 --- [http-nio-8080-exec-1] o.s.web.servlet.DispatcherServlet        : Initializing Servlet 'dispatcherServlet'
2021-01-22 01:01:26.515  INFO 17933 --- [http-nio-8080-exec-1] o.s.web.servlet.DispatcherServlet        : Completed initialization in 7 ms
2021-01-22 01:01:26.633  INFO 17933 --- [http-nio-8080-exec-4] a.a.t.s.g.backend.endpoint.RoleEndpoint  : GET /api/v1/roles
2021-01-22 01:01:26.633  INFO 17933 --- [http-nio-8080-exec-3] a.a.t.s.g.backend.endpoint.UserEndpoint  : GET /api/v1/users
2021-01-22 01:02:12.414  INFO 17933 --- [SpringContextShutdownHook] j.LocalContainerEntityManagerFactoryBean : Closing JPA EntityManagerFactory for persistence unit 'default'
2021-01-22 01:02:12.416  INFO 17933 --- [SpringContextShutdownHook] o.s.s.concurrent.ThreadPoolTaskExecutor  : Shutting down ExecutorService 'applicationTaskExecutor'
2021-01-22 01:02:12.418  INFO 17933 --- [SpringContextShutdownHook] com.zaxxer.hikari.HikariDataSource       : HikariPool-1 - Shutdown initiated...
2021-01-22 01:02:12.423  INFO 17933 --- [SpringContextShutdownHook] com.zaxxer.hikari.HikariDataSource       : HikariPool-1 - Shutdown completed.
2021-01-22 01:03:26.070  INFO 18201 --- [main] a.a.t.s.g.backend.BackendApplication     : Starting BackendApplication on SEPM with PID 18201 (/home/marcel/IdeaProjects/20ws_sepm-pr_qse_05/backend/target/classes started by marcel in /home/marcel/IdeaProjects/20ws_sepm-pr_qse_05/frontend)
2021-01-22 01:03:26.072  INFO 18201 --- [main] a.a.t.s.g.backend.BackendApplication     : No active profile set, falling back to default profiles: default
2021-01-22 01:03:26.825  INFO 18201 --- [main] .s.d.r.c.RepositoryConfigurationDelegate : Bootstrapping Spring Data JPA repositories in DEFERRED mode.
2021-01-22 01:03:26.881  INFO 18201 --- [main] .s.d.r.c.RepositoryConfigurationDelegate : Finished Spring Data repository scanning in 52ms. Found 8 JPA repository interfaces.
2021-01-22 01:03:27.056  INFO 18201 --- [main] trationDelegate$BeanPostProcessorChecker : Bean 'org.springframework.security.access.expression.method.DefaultMethodSecurityExpressionHandler@2bbb44da' of type [org.springframework.security.access.expression.method.DefaultMethodSecurityExpressionHandler] is not eligible for getting processed by all BeanPostProcessors (for example: not eligible for auto-proxying)
2021-01-22 01:03:27.059  INFO 18201 --- [main] trationDelegate$BeanPostProcessorChecker : Bean 'methodSecurityMetadataSource' of type [org.springframework.security.access.method.DelegatingMethodSecurityMetadataSource] is not eligible for getting processed by all BeanPostProcessors (for example: not eligible for auto-proxying)
2021-01-22 01:03:27.184  INFO 18201 --- [main] o.s.b.w.embedded.tomcat.TomcatWebServer  : Tomcat initialized with port(s): 8080 (http)
2021-01-22 01:03:27.189  INFO 18201 --- [main] o.apache.catalina.core.StandardService   : Starting service [Tomcat]
2021-01-22 01:03:27.189  INFO 18201 --- [main] org.apache.catalina.core.StandardEngine  : Starting Servlet engine: [Apache Tomcat/9.0.39]
2021-01-22 01:03:27.243  INFO 18201 --- [main] o.a.c.c.C.[Tomcat].[localhost].[/]       : Initializing Spring embedded WebApplicationContext
2021-01-22 01:03:27.244  INFO 18201 --- [main] w.s.c.ServletWebServerApplicationContext : Root WebApplicationContext: initialization completed in 1142 ms
2021-01-22 01:03:27.272  INFO 18201 --- [main] com.zaxxer.hikari.HikariDataSource       : HikariPool-1 - Starting...
2021-01-22 01:03:27.348  INFO 18201 --- [main] com.zaxxer.hikari.HikariDataSource       : HikariPool-1 - Start completed.
2021-01-22 01:03:27.351  INFO 18201 --- [main] o.s.b.a.h2.H2ConsoleAutoConfiguration    : H2 console available at '/h2-console'. Database available at 'jdbc:h2:file:./database/db'
2021-01-22 01:03:27.411  INFO 18201 --- [main] o.s.s.concurrent.ThreadPoolTaskExecutor  : Initializing ExecutorService 'applicationTaskExecutor'
2021-01-22 01:03:27.475  INFO 18201 --- [task-1] o.hibernate.jpa.internal.util.LogHelper  : HHH000204: Processing PersistenceUnitInfo [name: default]
2021-01-22 01:03:27.517  INFO 18201 --- [task-1] org.hibernate.Version                    : HHH000412: Hibernate ORM core version 5.4.22.Final
2021-01-22 01:03:27.566  INFO 18201 --- [task-1] o.hibernate.annotations.common.Version   : HCANN000001: Hibernate Commons Annotations {5.1.0.Final}
2021-01-22 01:03:27.621  INFO 18201 --- [task-1] org.hibernate.dialect.Dialect            : HHH000400: Using dialect: org.hibernate.dialect.H2Dialect
2021-01-22 01:03:27.918  INFO 18201 --- [main] o.s.s.web.DefaultSecurityFilterChain     : Creating filter chain: OrRequestMatcher [requestMatchers=[Ant [pattern='/'], Ant [pattern='/favicon.ico'], Ant [pattern='/csrf'], Ant [pattern='/v2/api-docs'], Ant [pattern='/swagger-resources/**'], Ant [pattern='/webjars/**'], Ant [pattern='/swagger-ui.html'], Ant [pattern='/h2-console/**'], Ant [pattern='/api/v1/spots/subscribe']]], []
2021-01-22 01:03:27.935  INFO 18201 --- [main] o.s.s.web.DefaultSecurityFilterChain     : Creating filter chain: any request, [org.springframework.security.web.context.request.async.WebAsyncManagerIntegrationFilter@136fece2, org.springframework.security.web.context.SecurityContextPersistenceFilter@69a90b81, org.springframework.security.web.header.HeaderWriterFilter@7e38e254, org.springframework.web.filter.CorsFilter@56478522, org.springframework.security.web.authentication.logout.LogoutFilter@17003497, at.ac.tuwien.sepm.groupphase.backend.security.JwtAuthenticationFilter@3caf5c96, at.ac.tuwien.sepm.groupphase.backend.security.JwtAuthorizationFilter@5b3755f4, org.springframework.security.web.savedrequest.RequestCacheAwareFilter@35329a05, org.springframework.security.web.servletapi.SecurityContextHolderAwareRequestFilter@333e5fb6, org.springframework.security.web.authentication.AnonymousAuthenticationFilter@37d3aa8c, org.springframework.security.web.session.SessionManagementFilter@2e4ecdf8, org.springframework.security.web.access.ExceptionTranslationFilter@1cc93da4, org.springframework.security.web.access.intercept.FilterSecurityInterceptor@59f7c106]
2021-01-22 01:03:28.157  INFO 18201 --- [main] o.s.b.w.embedded.tomcat.TomcatWebServer  : Tomcat started on port(s): 8080 (http) with context path ''
2021-01-22 01:03:28.256  INFO 18201 --- [task-1] o.h.e.t.j.p.i.JtaPlatformInitiator       : HHH000490: Using JtaPlatform implementation: [org.hibernate.engine.transaction.jta.platform.internal.NoJtaPlatform]
2021-01-22 01:03:28.263  INFO 18201 --- [task-1] j.LocalContainerEntityManagerFactoryBean : Initialized JPA EntityManagerFactory for persistence unit 'default'
2021-01-22 01:03:28.495  INFO 18201 --- [main] DeferredRepositoryInitializationListener : Triggering deferred initialization of Spring Data repositories…
2021-01-22 01:03:28.806  INFO 18201 --- [main] DeferredRepositoryInitializationListener : Spring Data repositories initialized!
2021-01-22 01:03:28.813  INFO 18201 --- [main] a.a.t.s.g.backend.BackendApplication     : Started BackendApplication in 3.011 seconds (JVM running for 3.453)
2021-01-22 01:03:56.835  INFO 18201 --- [http-nio-8080-exec-2] o.a.c.c.C.[Tomcat].[localhost].[/]       : Initializing Spring DispatcherServlet 'dispatcherServlet'
2021-01-22 01:03:56.836  INFO 18201 --- [http-nio-8080-exec-2] o.s.web.servlet.DispatcherServlet        : Initializing Servlet 'dispatcherServlet'
2021-01-22 01:03:56.843  INFO 18201 --- [http-nio-8080-exec-2] o.s.web.servlet.DispatcherServlet        : Completed initialization in 7 ms
2021-01-22 01:04:13.899  INFO 18201 --- [SpringContextShutdownHook] j.LocalContainerEntityManagerFactoryBean : Closing JPA EntityManagerFactory for persistence unit 'default'
2021-01-22 01:04:13.901  INFO 18201 --- [SpringContextShutdownHook] o.s.s.concurrent.ThreadPoolTaskExecutor  : Shutting down ExecutorService 'applicationTaskExecutor'
2021-01-22 01:04:13.902  INFO 18201 --- [SpringContextShutdownHook] com.zaxxer.hikari.HikariDataSource       : HikariPool-1 - Shutdown initiated...
2021-01-22 01:04:13.907  INFO 18201 --- [SpringContextShutdownHook] com.zaxxer.hikari.HikariDataSource       : HikariPool-1 - Shutdown completed.
